c:\users\usuario\desktop\espe\tercer semestre\estructura de datos\extras\template1 29-10-2021\templateexample1\templateexample1\debug\vc142.pdb
c:\users\usuario\desktop\espe\tercer semestre\estructura de datos\extras\template1 29-10-2021\templateexample1\templateexample1\debug\vc142.idb
c:\users\usuario\desktop\espe\tercer semestre\estructura de datos\extras\template1 29-10-2021\templateexample1\templateexample1\debug\templateexample1.obj
c:\users\usuario\desktop\espe\tercer semestre\estructura de datos\extras\template1 29-10-2021\templateexample1\templateexample1\debug\suma.obj
c:\users\usuario\desktop\espe\tercer semestre\estructura de datos\extras\template1 29-10-2021\templateexample1\debug\templateexample1.pdb
c:\users\usuario\desktop\espe\tercer semestre\estructura de datos\extras\template1 29-10-2021\templateexample1\templateexample1\debug\templateexample1.tlog\cl.command.1.tlog
c:\users\usuario\desktop\espe\tercer semestre\estructura de datos\extras\template1 29-10-2021\templateexample1\templateexample1\debug\templateexample1.tlog\cl.read.1.tlog
c:\users\usuario\desktop\espe\tercer semestre\estructura de datos\extras\template1 29-10-2021\templateexample1\templateexample1\debug\templateexample1.tlog\cl.write.1.tlog
c:\users\usuario\desktop\espe\tercer semestre\estructura de datos\extras\template1 29-10-2021\templateexample1\templateexample1\debug\templateexample1.tlog\link-cvtres.read.1.tlog
c:\users\usuario\desktop\espe\tercer semestre\estructura de datos\extras\template1 29-10-2021\templateexample1\templateexample1\debug\templateexample1.tlog\link-cvtres.write.1.tlog
c:\users\usuario\desktop\espe\tercer semestre\estructura de datos\extras\template1 29-10-2021\templateexample1\templateexample1\debug\templateexample1.tlog\link-rc.read.1.tlog
c:\users\usuario\desktop\espe\tercer semestre\estructura de datos\extras\template1 29-10-2021\templateexample1\templateexample1\debug\templateexample1.tlog\link-rc.write.1.tlog
c:\users\usuario\desktop\espe\tercer semestre\estructura de datos\extras\template1 29-10-2021\templateexample1\templateexample1\debug\templateexample1.tlog\link.2032-cvtres.read.1.tlog
c:\users\usuario\desktop\espe\tercer semestre\estructura de datos\extras\template1 29-10-2021\templateexample1\templateexample1\debug\templateexample1.tlog\link.2032-cvtres.write.1.tlog
c:\users\usuario\desktop\espe\tercer semestre\estructura de datos\extras\template1 29-10-2021\templateexample1\templateexample1\debug\templateexample1.tlog\link.2032-rc.read.1.tlog
c:\users\usuario\desktop\espe\tercer semestre\estructura de datos\extras\template1 29-10-2021\templateexample1\templateexample1\debug\templateexample1.tlog\link.2032-rc.write.1.tlog
c:\users\usuario\desktop\espe\tercer semestre\estructura de datos\extras\template1 29-10-2021\templateexample1\templateexample1\debug\templateexample1.tlog\link.2032.read.1.tlog
c:\users\usuario\desktop\espe\tercer semestre\estructura de datos\extras\template1 29-10-2021\templateexample1\templateexample1\debug\templateexample1.tlog\link.2032.write.1.tlog
c:\users\usuario\desktop\espe\tercer semestre\estructura de datos\extras\template1 29-10-2021\templateexample1\templateexample1\debug\templateexample1.tlog\link.command.1.tlog
c:\users\usuario\desktop\espe\tercer semestre\estructura de datos\extras\template1 29-10-2021\templateexample1\templateexample1\debug\templateexample1.tlog\link.read.1.tlog
c:\users\usuario\desktop\espe\tercer semestre\estructura de datos\extras\template1 29-10-2021\templateexample1\templateexample1\debug\templateexample1.tlog\link.write.1.tlog
